2018-11-23 09:53:55.624  INFO 15628 --- [restartedMain] com.SensorSysApplication                 : Starting SensorSysApplication on SC-201801181514 with PID 15628 (D:\IDEA_WORK\SensorSys\target\classes started by Administrator in D:\IDEA_WORK\SensorSys)
2018-11-23 09:53:55.655  INFO 15628 --- [restartedMain] com.SensorSysApplication                 : No active profile set, falling back to default profiles: default
2018-11-23 09:53:55.812  INFO 15628 --- [restartedMain] .e.DevToolsPropertyDefaultsPostProcessor : Devtools property defaults active! Set 'spring.devtools.add-properties' to 'false' to disable
2018-11-23 09:53:55.812  INFO 15628 --- [restartedMain] .e.DevToolsPropertyDefaultsPostProcessor : For additional web related logging consider setting the 'logging.level.web' property to 'DEBUG'
2018-11-23 09:53:58.386  INFO 15628 --- [restartedMain] .s.d.r.c.RepositoryConfigurationDelegate : Multiple Spring Data modules found, entering strict repository configuration mode!
2018-11-23 09:53:58.386  INFO 15628 --- [restartedMain] .s.d.r.c.RepositoryConfigurationDelegate : Bootstrapping Spring Data repositories in DEFAULT mode.
2018-11-23 09:53:59.231  INFO 15628 --- [restartedMain] .s.d.r.c.RepositoryConfigurationDelegate : Finished Spring Data repository scanning in 813ms. Found 0 repository interfaces.
2018-11-23 09:53:59.749  INFO 15628 --- [restartedMain] trationDelegate$BeanPostProcessorChecker : Bean 'org.springframework.ws.config.annotation.DelegatingWsConfiguration' of type [org.springframework.ws.config.annotation.DelegatingWsConfiguration$$EnhancerBySpringCGLIB$$38a647b9] is not eligible for getting processed by all BeanPostProcessors (for example: not eligible for auto-proxying)
2018-11-23 09:53:59.842  INFO 15628 --- [restartedMain] .w.s.a.s.AnnotationActionEndpointMapping : Supporting [WS-Addressing August 2004, WS-Addressing 1.0]
2018-11-23 09:53:59.874  INFO 15628 --- [restartedMain] trationDelegate$BeanPostProcessorChecker : Bean 'org.springframework.transaction.annotation.ProxyTransactionManagementConfiguration' of type [org.springframework.transaction.annotation.ProxyTransactionManagementConfiguration$$EnhancerBySpringCGLIB$$940e82ba] is not eligible for getting processed by all BeanPostProcessors (for example: not eligible for auto-proxying)
2018-11-23 09:54:00.888  INFO 15628 --- [restartedMain] o.s.b.w.embedded.tomcat.TomcatWebServer  : Tomcat initialized with port(s): 8080 (http)
2018-11-23 09:54:00.966  INFO 15628 --- [restartedMain] o.apache.catalina.core.StandardService   : Starting service [Tomcat]
2018-11-23 09:54:00.966  INFO 15628 --- [restartedMain] org.apache.catalina.core.StandardEngine  : Starting Servlet Engine: Apache Tomcat/9.0.12
2018-11-23 09:54:00.998  INFO 15628 --- [restartedMain] o.a.catalina.core.AprLifecycleListener   : The APR based Apache Tomcat Native library which allows optimal performance in production environments was not found on the java.library.path: [F:\jdk1.8\bin;C:\WINDOWS\Sun\Java\bin;C:\WINDOWS\system32;C:\WINDOWS;F:\CTEX\GSview\gsview;F:\CTEX\WinEdt;C:\windows\system32\;F:\jdk1.8\bin;F:\Git\bin;C:\Program Files\NVIDIA GPU Computing Toolkit\CUDA\v9.0\bin;F:\maven-3.5.4\bin;F:\jdk1.8\jre\bin;F:\Matlab\bin\win32;F:\Octave-4.4.0\bin;F:\matlab\runtime\win64;F:\matlab\bin;F:\putty\;F:\Anaconda3;F:\Anaconda3\Library\mingw-w64\bin;F:\Anaconda3\Library\usr\bin;F:\Anaconda3\Library\bin;F:\Anaconda3\Scripts;C:\Users\Administrator\AppData\Local\Microsoft\WindowsApps;F:\cmder;F:\mongodb\bin;;.]
2018-11-23 09:54:01.107  INFO 15628 --- [restartedMain] o.a.c.c.C.[Tomcat].[localhost].[/]       : Initializing Spring embedded WebApplicationContext
2018-11-23 09:54:01.107  INFO 15628 --- [restartedMain] o.s.web.context.ContextLoader            : Root WebApplicationContext: initialization completed in 5295 ms
2018-11-23 09:54:01.155  INFO 15628 --- [restartedMain] o.s.b.w.servlet.ServletRegistrationBean  : Servlet dispatcherServlet mapped to [/]
2018-11-23 09:54:01.155  INFO 15628 --- [restartedMain] o.s.b.w.servlet.ServletRegistrationBean  : Servlet messageDispatcherServlet mapped to [/services/*]
2018-11-23 09:54:01.155  INFO 15628 --- [restartedMain] o.s.b.w.servlet.FilterRegistrationBean   : Mapping filter: 'characterEncodingFilter' to: [/*]
2018-11-23 09:54:01.155  INFO 15628 --- [restartedMain] o.s.b.w.servlet.FilterRegistrationBean   : Mapping filter: 'hiddenHttpMethodFilter' to: [/*]
2018-11-23 09:54:01.155  INFO 15628 --- [restartedMain] o.s.b.w.servlet.FilterRegistrationBean   : Mapping filter: 'formContentFilter' to: [/*]
2018-11-23 09:54:01.155  INFO 15628 --- [restartedMain] o.s.b.w.servlet.FilterRegistrationBean   : Mapping filter: 'requestContextFilter' to: [/*]
2018-11-23 09:54:01.468  WARN 15628 --- [restartedMain] ConfigServletWebServerApplicationContext : Exception encountered during context initialization - cancelling refresh attempt: org.springframework.beans.factory.UnsatisfiedDependencyException: Error creating bean with name 'chromosome' defined in file [D:\IDEA_WORK\SensorSys\target\classes\com\sensor\entity\Chromosome.class]: Unsatisfied dependency expressed through constructor parameter 0; nested exception is org.springframework.beans.factory.NoSuchBeanDefinitionException: No qualifying bean of type 'int' available: expected at least 1 bean which qualifies as autowire candidate. Dependency annotations: {}
2018-11-23 09:54:01.483  INFO 15628 --- [restartedMain] o.apache.catalina.core.StandardService   : Stopping service [Tomcat]
2018-11-23 09:54:01.515  INFO 15628 --- [restartedMain] ConditionEvaluationReportLoggingListener : 

Error starting ApplicationContext. To display the conditions report re-run your application with 'debug' enabled.
2018-11-23 09:54:01.688 ERROR 15628 --- [restartedMain] o.s.b.d.LoggingFailureAnalysisReporter   : 

***************************
APPLICATION FAILED TO START
***************************

Description:

Parameter 0 of constructor in com.sensor.entity.Chromosome required a bean of type 'int' that could not be found.


Action:

Consider defining a bean of type 'int' in your configuration.

2018-11-23 09:55:26.327  INFO 15764 --- [restartedMain] com.SensorSysApplication                 : Starting SensorSysApplication on SC-201801181514 with PID 15764 (D:\IDEA_WORK\SensorSys\target\classes started by Administrator in D:\IDEA_WORK\SensorSys)
2018-11-23 09:55:26.327  INFO 15764 --- [restartedMain] com.SensorSysApplication                 : No active profile set, falling back to default profiles: default
2018-11-23 09:55:26.374  INFO 15764 --- [restartedMain] .e.DevToolsPropertyDefaultsPostProcessor : Devtools property defaults active! Set 'spring.devtools.add-properties' to 'false' to disable
2018-11-23 09:55:26.374  INFO 15764 --- [restartedMain] .e.DevToolsPropertyDefaultsPostProcessor : For additional web related logging consider setting the 'logging.level.web' property to 'DEBUG'
2018-11-23 09:55:28.103  INFO 15764 --- [restartedMain] .s.d.r.c.RepositoryConfigurationDelegate : Multiple Spring Data modules found, entering strict repository configuration mode!
2018-11-23 09:55:28.103  INFO 15764 --- [restartedMain] .s.d.r.c.RepositoryConfigurationDelegate : Bootstrapping Spring Data repositories in DEFAULT mode.
2018-11-23 09:55:28.743  INFO 15764 --- [restartedMain] .s.d.r.c.RepositoryConfigurationDelegate : Finished Spring Data repository scanning in 625ms. Found 0 repository interfaces.
2018-11-23 09:55:28.979  INFO 15764 --- [restartedMain] trationDelegate$BeanPostProcessorChecker : Bean 'org.springframework.ws.config.annotation.DelegatingWsConfiguration' of type [org.springframework.ws.config.annotation.DelegatingWsConfiguration$$EnhancerBySpringCGLIB$$a4def22] is not eligible for getting processed by all BeanPostProcessors (for example: not eligible for auto-proxying)
2018-11-23 09:55:28.995  INFO 15764 --- [restartedMain] .w.s.a.s.AnnotationActionEndpointMapping : Supporting [WS-Addressing August 2004, WS-Addressing 1.0]
2018-11-23 09:55:29.026  INFO 15764 --- [restartedMain] trationDelegate$BeanPostProcessorChecker : Bean 'org.springframework.transaction.annotation.ProxyTransactionManagementConfiguration' of type [org.springframework.transaction.annotation.ProxyTransactionManagementConfiguration$$EnhancerBySpringCGLIB$$65b62a23] is not eligible for getting processed by all BeanPostProcessors (for example: not eligible for auto-proxying)
2018-11-23 09:55:29.340  INFO 15764 --- [restartedMain] o.s.b.w.embedded.tomcat.TomcatWebServer  : Tomcat initialized with port(s): 8080 (http)
2018-11-23 09:55:29.340  INFO 15764 --- [restartedMain] o.apache.catalina.core.StandardService   : Starting service [Tomcat]
2018-11-23 09:55:29.340  INFO 15764 --- [restartedMain] org.apache.catalina.core.StandardEngine  : Starting Servlet Engine: Apache Tomcat/9.0.12
2018-11-23 09:55:29.418  INFO 15764 --- [restartedMain] o.a.catalina.core.AprLifecycleListener   : The APR based Apache Tomcat Native library which allows optimal performance in production environments was not found on the java.library.path: [F:\jdk1.8\bin;C:\WINDOWS\Sun\Java\bin;C:\WINDOWS\system32;C:\WINDOWS;F:\CTEX\GSview\gsview;F:\CTEX\WinEdt;C:\windows\system32\;F:\jdk1.8\bin;F:\Git\bin;C:\Program Files\NVIDIA GPU Computing Toolkit\CUDA\v9.0\bin;F:\maven-3.5.4\bin;F:\jdk1.8\jre\bin;F:\Matlab\bin\win32;F:\Octave-4.4.0\bin;F:\matlab\runtime\win64;F:\matlab\bin;F:\putty\;F:\Anaconda3;F:\Anaconda3\Library\mingw-w64\bin;F:\Anaconda3\Library\usr\bin;F:\Anaconda3\Library\bin;F:\Anaconda3\Scripts;C:\Users\Administrator\AppData\Local\Microsoft\WindowsApps;F:\cmder;F:\mongodb\bin;;.]
2018-11-23 09:55:29.480  INFO 15764 --- [restartedMain] o.a.c.c.C.[Tomcat].[localhost].[/]       : Initializing Spring embedded WebApplicationContext
2018-11-23 09:55:29.480  INFO 15764 --- [restartedMain] o.s.web.context.ContextLoader            : Root WebApplicationContext: initialization completed in 3106 ms
2018-11-23 09:55:29.512  INFO 15764 --- [restartedMain] o.s.b.w.servlet.ServletRegistrationBean  : Servlet dispatcherServlet mapped to [/]
2018-11-23 09:55:29.512  INFO 15764 --- [restartedMain] o.s.b.w.servlet.ServletRegistrationBean  : Servlet messageDispatcherServlet mapped to [/services/*]
2018-11-23 09:55:29.512  INFO 15764 --- [restartedMain] o.s.b.w.servlet.FilterRegistrationBean   : Mapping filter: 'characterEncodingFilter' to: [/*]
2018-11-23 09:55:29.512  INFO 15764 --- [restartedMain] o.s.b.w.servlet.FilterRegistrationBean   : Mapping filter: 'hiddenHttpMethodFilter' to: [/*]
2018-11-23 09:55:29.512  INFO 15764 --- [restartedMain] o.s.b.w.servlet.FilterRegistrationBean   : Mapping filter: 'formContentFilter' to: [/*]
2018-11-23 09:55:29.512  INFO 15764 --- [restartedMain] o.s.b.w.servlet.FilterRegistrationBean   : Mapping filter: 'requestContextFilter' to: [/*]
2018-11-23 09:55:30.010  INFO 15764 --- [restartedMain] o.s.s.concurrent.ThreadPoolTaskExecutor  : Initializing ExecutorService 'applicationTaskExecutor'
2018-11-23 09:55:30.121  INFO 15764 --- [restartedMain] o.s.b.a.w.s.WelcomePageHandlerMapping    : Adding welcome page template: index
2018-11-23 09:55:30.371  INFO 15764 --- [restartedMain] o.s.s.c.ThreadPoolTaskScheduler          : Initializing ExecutorService 'taskScheduler'
2018-11-23 09:55:30.496  INFO 15764 --- [restartedMain] o.s.b.d.a.OptionalLiveReloadServer       : LiveReload server is running on port 35729
2018-11-23 09:55:30.590 ERROR 15764 --- [restartedMain] org.apache.catalina.util.LifecycleBase   : Failed to start component [Connector[HTTP/1.1-8080]]

org.apache.catalina.LifecycleException: Protocol handler start failed
	at org.apache.catalina.connector.Connector.startInternal(Connector.java:960) ~[tomcat-embed-core-9.0.12.jar:9.0.12]
	at org.apache.catalina.util.LifecycleBase.start(LifecycleBase.java:183) ~[tomcat-embed-core-9.0.12.jar:9.0.12]
	at org.apache.catalina.core.StandardService.addConnector(StandardService.java:225) [tomcat-embed-core-9.0.12.jar:9.0.12]
	at org.springframework.boot.web.embedded.tomcat.TomcatWebServer.addPreviouslyRemovedConnectors(TomcatWebServer.java:259) [spring-boot-2.1.0.RELEASE.jar:2.1.0.RELEASE]
	at org.springframework.boot.web.embedded.tomcat.TomcatWebServer.start(TomcatWebServer.java:197) [spring-boot-2.1.0.RELEASE.jar:2.1.0.RELEASE]
	at org.springframework.boot.web.servlet.context.ServletWebServerApplicationContext.startWebServer(ServletWebServerApplicationContext.java:300) [spring-boot-2.1.0.RELEASE.jar:2.1.0.RELEASE]
	at org.springframework.boot.web.servlet.context.ServletWebServerApplicationContext.finishRefresh(ServletWebServerApplicationContext.java:162) [spring-boot-2.1.0.RELEASE.jar:2.1.0.RELEASE]
	at org.springframework.context.support.AbstractApplicationContext.refresh(AbstractApplicationContext.java:549) [spring-context-5.1.2.RELEASE.jar:5.1.2.RELEASE]
	at org.springframework.boot.web.servlet.context.ServletWebServerApplicationContext.refresh(ServletWebServerApplicationContext.java:140) [spring-boot-2.1.0.RELEASE.jar:2.1.0.RELEASE]
	at org.springframework.boot.SpringApplication.refresh(SpringApplication.java:775) [spring-boot-2.1.0.RELEASE.jar:2.1.0.RELEASE]
	at org.springframework.boot.SpringApplication.refreshContext(SpringApplication.java:397) [spring-boot-2.1.0.RELEASE.jar:2.1.0.RELEASE]
	at org.springframework.boot.SpringApplication.run(SpringApplication.java:316) [spring-boot-2.1.0.RELEASE.jar:2.1.0.RELEASE]
	at org.springframework.boot.SpringApplication.run(SpringApplication.java:1260) [spring-boot-2.1.0.RELEASE.jar:2.1.0.RELEASE]
	at org.springframework.boot.SpringApplication.run(SpringApplication.java:1248) [spring-boot-2.1.0.RELEASE.jar:2.1.0.RELEASE]
	at com.SensorSysApplication.main(SensorSysApplication.java:17) [classes/:na]
	at sun.reflect.NativeMethodAccessorImpl.invoke0(Native Method) ~[na:1.8.0_162]
	at sun.reflect.NativeMethodAccessorImpl.invoke(NativeMethodAccessorImpl.java:62) ~[na:1.8.0_162]
	at sun.reflect.DelegatingMethodAccessorImpl.invoke(DelegatingMethodAccessorImpl.java:43) ~[na:1.8.0_162]
	at java.lang.reflect.Method.invoke(Method.java:498) ~[na:1.8.0_162]
	at org.springframework.boot.devtools.restart.RestartLauncher.run(RestartLauncher.java:49) [spring-boot-devtools-2.1.0.RELEASE.jar:2.1.0.RELEASE]
Caused by: java.net.BindException: Address already in use: bind
	at sun.nio.ch.Net.bind0(Native Method) ~[na:1.8.0_162]
	at sun.nio.ch.Net.bind(Net.java:433) ~[na:1.8.0_162]
	at sun.nio.ch.Net.bind(Net.java:425) ~[na:1.8.0_162]
	at sun.nio.ch.ServerSocketChannelImpl.bind(ServerSocketChannelImpl.java:223) ~[na:1.8.0_162]
	at sun.nio.ch.ServerSocketAdaptor.bind(ServerSocketAdaptor.java:74) ~[na:1.8.0_162]
	at org.apache.tomcat.util.net.NioEndpoint.initServerSocket(NioEndpoint.java:236) ~[tomcat-embed-core-9.0.12.jar:9.0.12]
	at org.apache.tomcat.util.net.NioEndpoint.bind(NioEndpoint.java:210) ~[tomcat-embed-core-9.0.12.jar:9.0.12]
	at org.apache.tomcat.util.net.AbstractEndpoint.start(AbstractEndpoint.java:1108) ~[tomcat-embed-core-9.0.12.jar:9.0.12]
	at org.apache.coyote.AbstractProtocol.start(AbstractProtocol.java:550) ~[tomcat-embed-core-9.0.12.jar:9.0.12]
	at org.apache.catalina.connector.Connector.startInternal(Connector.java:957) ~[tomcat-embed-core-9.0.12.jar:9.0.12]
	... 19 common frames omitted

2018-11-23 09:55:30.590  INFO 15764 --- [restartedMain] o.apache.catalina.core.StandardService   : Stopping service [Tomcat]
2018-11-23 09:55:30.605  INFO 15764 --- [restartedMain] ConditionEvaluationReportLoggingListener : 

Error starting ApplicationContext. To display the conditions report re-run your application with 'debug' enabled.
2018-11-23 09:55:30.605 ERROR 15764 --- [restartedMain] o.s.b.d.LoggingFailureAnalysisReporter   : 

***************************
APPLICATION FAILED TO START
***************************

Description:

The Tomcat connector configured to listen on port 8080 failed to start. The port may already be in use or the connector may be misconfigured.

Action:

Verify the connector's configuration, identify and stop any process that's listening on port 8080, or configure this application to listen on another port.

2018-11-23 09:55:30.605  INFO 15764 --- [restartedMain] o.s.s.c.ThreadPoolTaskScheduler          : Shutting down ExecutorService 'taskScheduler'
2018-11-23 09:55:30.605  INFO 15764 --- [restartedMain] o.s.s.concurrent.ThreadPoolTaskExecutor  : Shutting down ExecutorService 'applicationTaskExecutor'
2018-11-23 09:56:12.657  INFO 11588 --- [restartedMain] com.SensorSysApplication                 : Starting SensorSysApplication on SC-201801181514 with PID 11588 (D:\IDEA_WORK\SensorSys\target\classes started by Administrator in D:\IDEA_WORK\SensorSys)
2018-11-23 09:56:12.657  INFO 11588 --- [restartedMain] com.SensorSysApplication                 : No active profile set, falling back to default profiles: default
2018-11-23 09:56:12.704  INFO 11588 --- [restartedMain] .e.DevToolsPropertyDefaultsPostProcessor : Devtools property defaults active! Set 'spring.devtools.add-properties' to 'false' to disable
2018-11-23 09:56:12.704  INFO 11588 --- [restartedMain] .e.DevToolsPropertyDefaultsPostProcessor : For additional web related logging consider setting the 'logging.level.web' property to 'DEBUG'
2018-11-23 09:56:14.255  INFO 11588 --- [restartedMain] .s.d.r.c.RepositoryConfigurationDelegate : Multiple Spring Data modules found, entering strict repository configuration mode!
2018-11-23 09:56:14.255  INFO 11588 --- [restartedMain] .s.d.r.c.RepositoryConfigurationDelegate : Bootstrapping Spring Data repositories in DEFAULT mode.
2018-11-23 09:56:14.898  INFO 11588 --- [restartedMain] .s.d.r.c.RepositoryConfigurationDelegate : Finished Spring Data repository scanning in 627ms. Found 0 repository interfaces.
2018-11-23 09:56:15.127  INFO 11588 --- [restartedMain] trationDelegate$BeanPostProcessorChecker : Bean 'org.springframework.ws.config.annotation.DelegatingWsConfiguration' of type [org.springframework.ws.config.annotation.DelegatingWsConfiguration$$EnhancerBySpringCGLIB$$94b89c24] is not eligible for getting processed by all BeanPostProcessors (for example: not eligible for auto-proxying)
2018-11-23 09:56:15.143  INFO 11588 --- [restartedMain] .w.s.a.s.AnnotationActionEndpointMapping : Supporting [WS-Addressing August 2004, WS-Addressing 1.0]
2018-11-23 09:56:15.174  INFO 11588 --- [restartedMain] trationDelegate$BeanPostProcessorChecker : Bean 'org.springframework.transaction.annotation.ProxyTransactionManagementConfiguration' of type [org.springframework.transaction.annotation.ProxyTransactionManagementConfiguration$$EnhancerBySpringCGLIB$$f020d725] is not eligible for getting processed by all BeanPostProcessors (for example: not eligible for auto-proxying)
2018-11-23 09:56:15.519  INFO 11588 --- [restartedMain] o.s.b.w.embedded.tomcat.TomcatWebServer  : Tomcat initialized with port(s): 8081 (http)
2018-11-23 09:56:15.613  INFO 11588 --- [restartedMain] o.apache.catalina.core.StandardService   : Starting service [Tomcat]
2018-11-23 09:56:15.613  INFO 11588 --- [restartedMain] org.apache.catalina.core.StandardEngine  : Starting Servlet Engine: Apache Tomcat/9.0.12
2018-11-23 09:56:15.613  INFO 11588 --- [restartedMain] o.a.catalina.core.AprLifecycleListener   : The APR based Apache Tomcat Native library which allows optimal performance in production environments was not found on the java.library.path: [F:\jdk1.8\bin;C:\WINDOWS\Sun\Java\bin;C:\WINDOWS\system32;C:\WINDOWS;F:\CTEX\GSview\gsview;F:\CTEX\WinEdt;C:\windows\system32\;F:\jdk1.8\bin;F:\Git\bin;C:\Program Files\NVIDIA GPU Computing Toolkit\CUDA\v9.0\bin;F:\maven-3.5.4\bin;F:\jdk1.8\jre\bin;F:\Matlab\bin\win32;F:\Octave-4.4.0\bin;F:\matlab\runtime\win64;F:\matlab\bin;F:\putty\;F:\Anaconda3;F:\Anaconda3\Library\mingw-w64\bin;F:\Anaconda3\Library\usr\bin;F:\Anaconda3\Library\bin;F:\Anaconda3\Scripts;C:\Users\Administrator\AppData\Local\Microsoft\WindowsApps;F:\cmder;F:\mongodb\bin;;.]
2018-11-23 09:56:15.692  INFO 11588 --- [restartedMain] o.a.c.c.C.[Tomcat].[localhost].[/]       : Initializing Spring embedded WebApplicationContext
2018-11-23 09:56:15.692  INFO 11588 --- [restartedMain] o.s.web.context.ContextLoader            : Root WebApplicationContext: initialization completed in 2988 ms
2018-11-23 09:56:15.724  INFO 11588 --- [restartedMain] o.s.b.w.servlet.ServletRegistrationBean  : Servlet dispatcherServlet mapped to [/]
2018-11-23 09:56:15.724  INFO 11588 --- [restartedMain] o.s.b.w.servlet.ServletRegistrationBean  : Servlet messageDispatcherServlet mapped to [/services/*]
2018-11-23 09:56:15.724  INFO 11588 --- [restartedMain] o.s.b.w.servlet.FilterRegistrationBean   : Mapping filter: 'characterEncodingFilter' to: [/*]
2018-11-23 09:56:15.724  INFO 11588 --- [restartedMain] o.s.b.w.servlet.FilterRegistrationBean   : Mapping filter: 'hiddenHttpMethodFilter' to: [/*]
2018-11-23 09:56:15.724  INFO 11588 --- [restartedMain] o.s.b.w.servlet.FilterRegistrationBean   : Mapping filter: 'formContentFilter' to: [/*]
2018-11-23 09:56:15.724  INFO 11588 --- [restartedMain] o.s.b.w.servlet.FilterRegistrationBean   : Mapping filter: 'requestContextFilter' to: [/*]
2018-11-23 09:56:16.162  INFO 11588 --- [restartedMain] o.s.s.concurrent.ThreadPoolTaskExecutor  : Initializing ExecutorService 'applicationTaskExecutor'
2018-11-23 09:56:16.262  INFO 11588 --- [restartedMain] o.s.b.a.w.s.WelcomePageHandlerMapping    : Adding welcome page template: index
2018-11-23 09:56:16.396  INFO 11588 --- [restartedMain] o.s.s.c.ThreadPoolTaskScheduler          : Initializing ExecutorService 'taskScheduler'
2018-11-23 09:56:16.474  INFO 11588 --- [restartedMain] o.s.b.d.a.OptionalLiveReloadServer       : LiveReload server is running on port 35729
2018-11-23 09:56:16.542  INFO 11588 --- [restartedMain] o.s.b.w.embedded.tomcat.TomcatWebServer  : Tomcat started on port(s): 8081 (http) with context path ''
2018-11-23 09:56:16.542  INFO 11588 --- [restartedMain] com.SensorSysApplication                 : Started SensorSysApplication in 4.167 seconds (JVM running for 4.831)
2018-11-23 09:56:35.112  INFO 11588 --- [http-nio-8081-exec-1] o.a.c.c.C.[Tomcat].[localhost].[/]       : Initializing Spring DispatcherServlet 'dispatcherServlet'
2018-11-23 09:56:35.112  INFO 11588 --- [http-nio-8081-exec-1] o.s.web.servlet.DispatcherServlet        : Initializing Servlet 'dispatcherServlet'
2018-11-23 09:56:35.120  INFO 11588 --- [http-nio-8081-exec-1] o.s.web.servlet.DispatcherServlet        : Completed initialization in 8 ms
2018-11-23 09:56:35.186  INFO 11588 --- [http-nio-8081-exec-1] com.sensor.aspect.HttpRespect            : url=/indexs
2018-11-23 09:56:35.186  INFO 11588 --- [http-nio-8081-exec-1] com.sensor.aspect.HttpRespect            : method=GET
2018-11-23 09:56:35.186  INFO 11588 --- [http-nio-8081-exec-1] com.sensor.aspect.HttpRespect            : ip=0:0:0:0:0:0:0:1
2018-11-23 09:56:35.187  INFO 11588 --- [http-nio-8081-exec-1] com.sensor.aspect.HttpRespect            : class method=com.sensor.controller.UserController.index
2018-11-23 09:56:35.187  INFO 11588 --- [http-nio-8081-exec-1] com.sensor.aspect.HttpRespect            : agrs=ModelAndView [view=[null]; model=null]
2018-11-23 09:56:35.192  INFO 11588 --- [http-nio-8081-exec-1] com.sensor.aspect.HttpRespect            : 222
2018-11-23 09:56:35.192  INFO 11588 --- [http-nio-8081-exec-1] com.sensor.aspect.HttpRespect            : response=ModelAndView [view="network"; model=null]
2018-11-23 11:06:32.514  INFO 11588 --- [Thread-15] o.s.s.c.ThreadPoolTaskScheduler          : Shutting down ExecutorService 'taskScheduler'
2018-11-23 11:06:32.514  INFO 11588 --- [Thread-15] o.s.s.concurrent.ThreadPoolTaskExecutor  : Shutting down ExecutorService 'applicationTaskExecutor'
2018-11-23 11:06:32.964  INFO 11588 --- [restartedMain] com.SensorSysApplication                 : Starting SensorSysApplication on SC-201801181514 with PID 11588 (D:\IDEA_WORK\SensorSys\target\classes started by Administrator in D:\IDEA_WORK\SensorSys)
2018-11-23 11:06:32.965  INFO 11588 --- [restartedMain] com.SensorSysApplication                 : No active profile set, falling back to default profiles: default
2018-11-23 11:06:33.772  INFO 2148 --- [main] c.e.SensorSys.SensorSysApplicationTests  : Starting SensorSysApplicationTests on SC-201801181514 with PID 2148 (started by Administrator in D:\IDEA_WORK\SensorSys)
2018-11-23 11:06:33.772  INFO 2148 --- [main] c.e.SensorSys.SensorSysApplicationTests  : No active profile set, falling back to default profiles: default
2018-11-23 11:06:34.988  INFO 11588 --- [restartedMain] .s.d.r.c.RepositoryConfigurationDelegate : Multiple Spring Data modules found, entering strict repository configuration mode!
2018-11-23 11:06:34.988  INFO 11588 --- [restartedMain] .s.d.r.c.RepositoryConfigurationDelegate : Bootstrapping Spring Data repositories in DEFAULT mode.
2018-11-23 11:06:35.768  INFO 11588 --- [restartedMain] .s.d.r.c.RepositoryConfigurationDelegate : Finished Spring Data repository scanning in 779ms. Found 0 repository interfaces.
2018-11-23 11:06:35.816  INFO 11588 --- [restartedMain] trationDelegate$BeanPostProcessorChecker : Bean 'org.springframework.ws.config.annotation.DelegatingWsConfiguration' of type [org.springframework.ws.config.annotation.DelegatingWsConfiguration$$EnhancerBySpringCGLIB$$94b89c24] is not eligible for getting processed by all BeanPostProcessors (for example: not eligible for auto-proxying)
2018-11-23 11:06:35.816  INFO 11588 --- [restartedMain] .w.s.a.s.AnnotationActionEndpointMapping : Supporting [WS-Addressing August 2004, WS-Addressing 1.0]
2018-11-23 11:06:35.832  INFO 11588 --- [restartedMain] trationDelegate$BeanPostProcessorChecker : Bean 'org.springframework.transaction.annotation.ProxyTransactionManagementConfiguration' of type [org.springframework.transaction.annotation.ProxyTransactionManagementConfiguration$$EnhancerBySpringCGLIB$$f020d725] is not eligible for getting processed by all BeanPostProcessors (for example: not eligible for auto-proxying)
2018-11-23 11:06:35.967  INFO 11588 --- [restartedMain] o.s.b.w.embedded.tomcat.TomcatWebServer  : Tomcat initialized with port(s): 8081 (http)
2018-11-23 11:06:35.968  INFO 11588 --- [restartedMain] o.apache.catalina.core.StandardService   : Starting service [Tomcat]
2018-11-23 11:06:35.968  INFO 11588 --- [restartedMain] org.apache.catalina.core.StandardEngine  : Starting Servlet Engine: Apache Tomcat/9.0.12
2018-11-23 11:06:35.994  INFO 11588 --- [restartedMain] o.a.c.c.C.[Tomcat].[localhost].[/]       : Initializing Spring embedded WebApplicationContext
2018-11-23 11:06:35.995  INFO 11588 --- [restartedMain] o.s.web.context.ContextLoader            : Root WebApplicationContext: initialization completed in 3025 ms
2018-11-23 11:06:36.016  INFO 11588 --- [restartedMain] o.s.b.w.servlet.ServletRegistrationBean  : Servlet dispatcherServlet mapped to [/]
2018-11-23 11:06:36.016  INFO 11588 --- [restartedMain] o.s.b.w.servlet.ServletRegistrationBean  : Servlet messageDispatcherServlet mapped to [/services/*]
2018-11-23 11:06:36.016  INFO 11588 --- [restartedMain] o.s.b.w.servlet.FilterRegistrationBean   : Mapping filter: 'characterEncodingFilter' to: [/*]
2018-11-23 11:06:36.016  INFO 11588 --- [restartedMain] o.s.b.w.servlet.FilterRegistrationBean   : Mapping filter: 'hiddenHttpMethodFilter' to: [/*]
2018-11-23 11:06:36.016  INFO 11588 --- [restartedMain] o.s.b.w.servlet.FilterRegistrationBean   : Mapping filter: 'formContentFilter' to: [/*]
2018-11-23 11:06:36.016  INFO 11588 --- [restartedMain] o.s.b.w.servlet.FilterRegistrationBean   : Mapping filter: 'requestContextFilter' to: [/*]
2018-11-23 11:06:36.268  INFO 11588 --- [restartedMain] o.s.s.concurrent.ThreadPoolTaskExecutor  : Initializing ExecutorService 'applicationTaskExecutor'
2018-11-23 11:06:36.330  INFO 11588 --- [restartedMain] o.s.b.a.w.s.WelcomePageHandlerMapping    : Adding welcome page template: index
2018-11-23 11:06:36.426  INFO 11588 --- [restartedMain] o.s.s.c.ThreadPoolTaskScheduler          : Initializing ExecutorService 'taskScheduler'
2018-11-23 11:06:36.488  INFO 2148 --- [main] .s.d.r.c.RepositoryConfigurationDelegate : Multiple Spring Data modules found, entering strict repository configuration mode!
2018-11-23 11:06:36.488  INFO 11588 --- [restartedMain] o.s.b.d.a.OptionalLiveReloadServer       : LiveReload server is running on port 35729
2018-11-23 11:06:36.488  INFO 2148 --- [main] .s.d.r.c.RepositoryConfigurationDelegate : Bootstrapping Spring Data repositories in DEFAULT mode.
2018-11-23 11:06:36.519  INFO 11588 --- [restartedMain] o.s.b.w.embedded.tomcat.TomcatWebServer  : Tomcat started on port(s): 8081 (http) with context path ''
2018-11-23 11:06:36.519  INFO 11588 --- [restartedMain] com.SensorSysApplication                 : Started SensorSysApplication in 3.619 seconds (JVM running for 4224.807)
2018-11-23 11:06:36.519  INFO 11588 --- [restartedMain] .ConditionEvaluationDeltaLoggingListener : Condition evaluation unchanged
2018-11-23 11:06:37.094  INFO 2148 --- [main] .s.d.r.c.RepositoryConfigurationDelegate : Finished Spring Data repository scanning in 590ms. Found 0 repository interfaces.
2018-11-23 11:06:37.518  INFO 2148 --- [main] trationDelegate$BeanPostProcessorChecker : Bean 'org.springframework.ws.config.annotation.DelegatingWsConfiguration' of type [org.springframework.ws.config.annotation.DelegatingWsConfiguration$$EnhancerBySpringCGLIB$$f31619b5] is not eligible for getting processed by all BeanPostProcessors (for example: not eligible for auto-proxying)
2018-11-23 11:06:37.563  INFO 2148 --- [main] .w.s.a.s.AnnotationActionEndpointMapping : Supporting [WS-Addressing August 2004, WS-Addressing 1.0]
2018-11-23 11:06:37.610  INFO 2148 --- [main] trationDelegate$BeanPostProcessorChecker : Bean 'org.springframework.transaction.annotation.ProxyTransactionManagementConfiguration' of type [org.springframework.transaction.annotation.ProxyTransactionManagementConfiguration$$EnhancerBySpringCGLIB$$4e7e54b6] is not eligible for getting processed by all BeanPostProcessors (for example: not eligible for auto-proxying)
2018-11-23 11:06:39.062  INFO 2148 --- [main] o.s.s.concurrent.ThreadPoolTaskExecutor  : Initializing ExecutorService 'applicationTaskExecutor'
2018-11-23 11:06:39.396  INFO 2148 --- [main] o.s.b.a.w.s.WelcomePageHandlerMapping    : Adding welcome page template: index
2018-11-23 11:06:39.679  INFO 2148 --- [main] o.s.s.c.ThreadPoolTaskScheduler          : Initializing ExecutorService 'taskScheduler'
2018-11-23 11:06:39.837  INFO 2148 --- [main] c.e.SensorSys.SensorSysApplicationTests  : Started SensorSysApplicationTests in 6.528 seconds (JVM running for 7.772)
2018-11-23 11:06:40.120  INFO 2148 --- [Thread-3] o.s.s.c.ThreadPoolTaskScheduler          : Shutting down ExecutorService 'taskScheduler'
2018-11-23 11:06:40.122  INFO 2148 --- [Thread-3] o.s.s.concurrent.ThreadPoolTaskExecutor  : Shutting down ExecutorService 'applicationTaskExecutor'
2018-11-23 15:51:37.922  INFO 8244 --- [main] c.e.SensorSys.SensorSysApplicationTests  : Starting SensorSysApplicationTests on SC-201801181514 with PID 8244 (started by Administrator in D:\IDEA_WORK\SensorSys)
2018-11-23 15:51:37.924  INFO 8244 --- [main] c.e.SensorSys.SensorSysApplicationTests  : No active profile set, falling back to default profiles: default
2018-11-23 15:51:40.495  INFO 8244 --- [main] .s.d.r.c.RepositoryConfigurationDelegate : Multiple Spring Data modules found, entering strict repository configuration mode!
2018-11-23 15:51:40.498  INFO 8244 --- [main] .s.d.r.c.RepositoryConfigurationDelegate : Bootstrapping Spring Data repositories in DEFAULT mode.
2018-11-23 15:51:41.277  INFO 8244 --- [main] .s.d.r.c.RepositoryConfigurationDelegate : Finished Spring Data repository scanning in 767ms. Found 0 repository interfaces.
2018-11-23 15:51:41.786  INFO 8244 --- [main] trationDelegate$BeanPostProcessorChecker : Bean 'org.springframework.ws.config.annotation.DelegatingWsConfiguration' of type [org.springframework.ws.config.annotation.DelegatingWsConfiguration$$EnhancerBySpringCGLIB$$f31619b5] is not eligible for getting processed by all BeanPostProcessors (for example: not eligible for auto-proxying)
2018-11-23 15:51:41.819  INFO 8244 --- [main] .w.s.a.s.AnnotationActionEndpointMapping : Supporting [WS-Addressing August 2004, WS-Addressing 1.0]
2018-11-23 15:51:41.869  INFO 8244 --- [main] trationDelegate$BeanPostProcessorChecker : Bean 'org.springframework.transaction.annotation.ProxyTransactionManagementConfiguration' of type [org.springframework.transaction.annotation.ProxyTransactionManagementConfiguration$$EnhancerBySpringCGLIB$$4e7e54b6] is not eligible for getting processed by all BeanPostProcessors (for example: not eligible for auto-proxying)
2018-11-23 15:51:43.404  INFO 8244 --- [main] o.s.s.concurrent.ThreadPoolTaskExecutor  : Initializing ExecutorService 'applicationTaskExecutor'
2018-11-23 15:51:43.659  INFO 8244 --- [main] o.s.b.a.w.s.WelcomePageHandlerMapping    : Adding welcome page template: index
2018-11-23 15:51:44.014  INFO 8244 --- [main] o.s.s.c.ThreadPoolTaskScheduler          : Initializing ExecutorService 'taskScheduler'
2018-11-23 15:51:44.187  INFO 8244 --- [main] c.e.SensorSys.SensorSysApplicationTests  : Started SensorSysApplicationTests in 6.673 seconds (JVM running for 7.641)
2018-11-23 15:51:44.381  INFO 8244 --- [Thread-3] o.s.s.c.ThreadPoolTaskScheduler          : Shutting down ExecutorService 'taskScheduler'
2018-11-23 15:51:44.382  INFO 8244 --- [Thread-3] o.s.s.concurrent.ThreadPoolTaskExecutor  : Shutting down ExecutorService 'applicationTaskExecutor'
2018-11-23 15:52:53.804  INFO 18688 --- [main] c.e.SensorSys.SensorSysApplicationTests  : Starting SensorSysApplicationTests on SC-201801181514 with PID 18688 (started by Administrator in D:\IDEA_WORK\SensorSys)
2018-11-23 15:52:53.805  INFO 18688 --- [main] c.e.SensorSys.SensorSysApplicationTests  : No active profile set, falling back to default profiles: default
2018-11-23 15:52:56.359  INFO 18688 --- [main] .s.d.r.c.RepositoryConfigurationDelegate : Multiple Spring Data modules found, entering strict repository configuration mode!
2018-11-23 15:52:56.362  INFO 18688 --- [main] .s.d.r.c.RepositoryConfigurationDelegate : Bootstrapping Spring Data repositories in DEFAULT mode.
2018-11-23 15:52:56.980  INFO 18688 --- [main] .s.d.r.c.RepositoryConfigurationDelegate : Finished Spring Data repository scanning in 606ms. Found 0 repository interfaces.
2018-11-23 15:52:57.484  INFO 18688 --- [main] trationDelegate$BeanPostProcessorChecker : Bean 'org.springframework.ws.config.annotation.DelegatingWsConfiguration' of type [org.springframework.ws.config.annotation.DelegatingWsConfiguration$$EnhancerBySpringCGLIB$$a5de2c15] is not eligible for getting processed by all BeanPostProcessors (for example: not eligible for auto-proxying)
2018-11-23 15:52:57.539  INFO 18688 --- [main] .w.s.a.s.AnnotationActionEndpointMapping : Supporting [WS-Addressing August 2004, WS-Addressing 1.0]
2018-11-23 15:52:57.619  INFO 18688 --- [main] trationDelegate$BeanPostProcessorChecker : Bean 'org.springframework.transaction.annotation.ProxyTransactionManagementConfiguration' of type [org.springframework.transaction.annotation.ProxyTransactionManagementConfiguration$$EnhancerBySpringCGLIB$$1466716] is not eligible for getting processed by all BeanPostProcessors (for example: not eligible for auto-proxying)
2018-11-23 15:52:59.294  INFO 18688 --- [main] o.s.s.concurrent.ThreadPoolTaskExecutor  : Initializing ExecutorService 'applicationTaskExecutor'
2018-11-23 15:52:59.558  INFO 18688 --- [main] o.s.b.a.w.s.WelcomePageHandlerMapping    : Adding welcome page template: index
2018-11-23 15:52:59.884  INFO 18688 --- [main] o.s.s.c.ThreadPoolTaskScheduler          : Initializing ExecutorService 'taskScheduler'
2018-11-23 15:53:00.077  INFO 18688 --- [main] c.e.SensorSys.SensorSysApplicationTests  : Started SensorSysApplicationTests in 6.659 seconds (JVM running for 7.649)
2018-11-23 15:53:00.258  INFO 18688 --- [Thread-3] o.s.s.c.ThreadPoolTaskScheduler          : Shutting down ExecutorService 'taskScheduler'
2018-11-23 15:53:00.260  INFO 18688 --- [Thread-3] o.s.s.concurrent.ThreadPoolTaskExecutor  : Shutting down ExecutorService 'applicationTaskExecutor'
2018-11-23 16:04:11.171  INFO 5372 --- [main] c.e.SensorSys.SensorSysApplicationTests  : Starting SensorSysApplicationTests on SC-201801181514 with PID 5372 (started by Administrator in D:\IDEA_WORK\SensorSys)
2018-11-23 16:04:11.172  INFO 5372 --- [main] c.e.SensorSys.SensorSysApplicationTests  : No active profile set, falling back to default profiles: default
2018-11-23 16:04:13.509  INFO 5372 --- [main] .s.d.r.c.RepositoryConfigurationDelegate : Multiple Spring Data modules found, entering strict repository configuration mode!
2018-11-23 16:04:13.512  INFO 5372 --- [main] .s.d.r.c.RepositoryConfigurationDelegate : Bootstrapping Spring Data repositories in DEFAULT mode.
2018-11-23 16:04:14.255  INFO 5372 --- [main] .s.d.r.c.RepositoryConfigurationDelegate : Finished Spring Data repository scanning in 731ms. Found 0 repository interfaces.
2018-11-23 16:04:14.754  INFO 5372 --- [main] trationDelegate$BeanPostProcessorChecker : Bean 'org.springframework.ws.config.annotation.DelegatingWsConfiguration' of type [org.springframework.ws.config.annotation.DelegatingWsConfiguration$$EnhancerBySpringCGLIB$$f5644be] is not eligible for getting processed by all BeanPostProcessors (for example: not eligible for auto-proxying)
2018-11-23 16:04:14.790  INFO 5372 --- [main] .w.s.a.s.AnnotationActionEndpointMapping : Supporting [WS-Addressing August 2004, WS-Addressing 1.0]
2018-11-23 16:04:14.835  INFO 5372 --- [main] trationDelegate$BeanPostProcessorChecker : Bean 'org.springframework.transaction.annotation.ProxyTransactionManagementConfiguration' of type [org.springframework.transaction.annotation.ProxyTransactionManagementConfiguration$$EnhancerBySpringCGLIB$$6abe7fbf] is not eligible for getting processed by all BeanPostProcessors (for example: not eligible for auto-proxying)
2018-11-23 16:04:16.307  INFO 5372 --- [main] o.s.s.concurrent.ThreadPoolTaskExecutor  : Initializing ExecutorService 'applicationTaskExecutor'
2018-11-23 16:04:16.574  INFO 5372 --- [main] o.s.b.a.w.s.WelcomePageHandlerMapping    : Adding welcome page template: index
2018-11-23 16:04:16.907  INFO 5372 --- [main] o.s.s.c.ThreadPoolTaskScheduler          : Initializing ExecutorService 'taskScheduler'
2018-11-23 16:04:17.108  INFO 5372 --- [main] c.e.SensorSys.SensorSysApplicationTests  : Started SensorSysApplicationTests in 6.321 seconds (JVM running for 7.243)
2018-11-23 16:04:17.266  INFO 5372 --- [Thread-3] o.s.s.c.ThreadPoolTaskScheduler          : Shutting down ExecutorService 'taskScheduler'
2018-11-23 16:04:17.267  INFO 5372 --- [Thread-3] o.s.s.concurrent.ThreadPoolTaskExecutor  : Shutting down ExecutorService 'applicationTaskExecutor'
2018-11-23 16:05:51.150  INFO 15516 --- [main] c.e.SensorSys.SensorSysApplicationTests  : Starting SensorSysApplicationTests on SC-201801181514 with PID 15516 (started by Administrator in D:\IDEA_WORK\SensorSys)
2018-11-23 16:05:51.152  INFO 15516 --- [main] c.e.SensorSys.SensorSysApplicationTests  : No active profile set, falling back to default profiles: default
2018-11-23 16:05:53.755  INFO 15516 --- [main] .s.d.r.c.RepositoryConfigurationDelegate : Multiple Spring Data modules found, entering strict repository configuration mode!
2018-11-23 16:05:53.758  INFO 15516 --- [main] .s.d.r.c.RepositoryConfigurationDelegate : Bootstrapping Spring Data repositories in DEFAULT mode.
2018-11-23 16:05:54.427  INFO 15516 --- [main] .s.d.r.c.RepositoryConfigurationDelegate : Finished Spring Data repository scanning in 652ms. Found 0 repository interfaces.
2018-11-23 16:05:54.884  INFO 15516 --- [main] trationDelegate$BeanPostProcessorChecker : Bean 'org.springframework.ws.config.annotation.DelegatingWsConfiguration' of type [org.springframework.ws.config.annotation.DelegatingWsConfiguration$$EnhancerBySpringCGLIB$$f5644be] is not eligible for getting processed by all BeanPostProcessors (for example: not eligible for auto-proxying)
2018-11-23 16:05:54.910  INFO 15516 --- [main] .w.s.a.s.AnnotationActionEndpointMapping : Supporting [WS-Addressing August 2004, WS-Addressing 1.0]
2018-11-23 16:05:54.954  INFO 15516 --- [main] trationDelegate$BeanPostProcessorChecker : Bean 'org.springframework.transaction.annotation.ProxyTransactionManagementConfiguration' of type [org.springframework.transaction.annotation.ProxyTransactionManagementConfiguration$$EnhancerBySpringCGLIB$$6abe7fbf] is not eligible for getting processed by all BeanPostProcessors (for example: not eligible for auto-proxying)
2018-11-23 16:05:56.394  INFO 15516 --- [main] o.s.s.concurrent.ThreadPoolTaskExecutor  : Initializing ExecutorService 'applicationTaskExecutor'
2018-11-23 16:05:56.620  INFO 15516 --- [main] o.s.b.a.w.s.WelcomePageHandlerMapping    : Adding welcome page template: index
2018-11-23 16:05:56.966  INFO 15516 --- [main] o.s.s.c.ThreadPoolTaskScheduler          : Initializing ExecutorService 'taskScheduler'
2018-11-23 16:05:57.158  INFO 15516 --- [main] c.e.SensorSys.SensorSysApplicationTests  : Started SensorSysApplicationTests in 6.36 seconds (JVM running for 7.29)
2018-11-23 16:05:57.340  INFO 15516 --- [Thread-3] o.s.s.c.ThreadPoolTaskScheduler          : Shutting down ExecutorService 'taskScheduler'
2018-11-23 16:05:57.341  INFO 15516 --- [Thread-3] o.s.s.concurrent.ThreadPoolTaskExecutor  : Shutting down ExecutorService 'applicationTaskExecutor'
2018-11-23 16:06:53.143  INFO 17004 --- [restartedMain] com.SensorSysApplication                 : Starting SensorSysApplication on SC-201801181514 with PID 17004 (D:\IDEA_WORK\SensorSys\target\classes started by Administrator in D:\IDEA_WORK\SensorSys)
2018-11-23 16:06:53.145  INFO 17004 --- [restartedMain] com.SensorSysApplication                 : No active profile set, falling back to default profiles: default
2018-11-23 16:06:53.192  INFO 17004 --- [restartedMain] .e.DevToolsPropertyDefaultsPostProcessor : Devtools property defaults active! Set 'spring.devtools.add-properties' to 'false' to disable
2018-11-23 16:06:53.193  INFO 17004 --- [restartedMain] .e.DevToolsPropertyDefaultsPostProcessor : For additional web related logging consider setting the 'logging.level.web' property to 'DEBUG'
2018-11-23 16:06:54.992  INFO 17004 --- [restartedMain] .s.d.r.c.RepositoryConfigurationDelegate : Multiple Spring Data modules found, entering strict repository configuration mode!
2018-11-23 16:06:54.994  INFO 17004 --- [restartedMain] .s.d.r.c.RepositoryConfigurationDelegate : Bootstrapping Spring Data repositories in DEFAULT mode.
2018-11-23 16:06:55.735  INFO 17004 --- [restartedMain] .s.d.r.c.RepositoryConfigurationDelegate : Finished Spring Data repository scanning in 730ms. Found 0 repository interfaces.
2018-11-23 16:06:56.038  INFO 17004 --- [restartedMain] trationDelegate$BeanPostProcessorChecker : Bean 'org.springframework.ws.config.annotation.DelegatingWsConfiguration' of type [org.springframework.ws.config.annotation.DelegatingWsConfiguration$$EnhancerBySpringCGLIB$$71a553d4] is not eligible for getting processed by all BeanPostProcessors (for example: not eligible for auto-proxying)
2018-11-23 16:06:56.056  INFO 17004 --- [restartedMain] .w.s.a.s.AnnotationActionEndpointMapping : Supporting [WS-Addressing August 2004, WS-Addressing 1.0]
2018-11-23 16:06:56.088  INFO 17004 --- [restartedMain] trationDelegate$BeanPostProcessorChecker : Bean 'org.springframework.transaction.annotation.ProxyTransactionManagementConfiguration' of type [org.springframework.transaction.annotation.ProxyTransactionManagementConfiguration$$EnhancerBySpringCGLIB$$cd0d8ed5] is not eligible for getting processed by all BeanPostProcessors (for example: not eligible for auto-proxying)
2018-11-23 16:06:56.438  INFO 17004 --- [restartedMain] o.s.b.w.embedded.tomcat.TomcatWebServer  : Tomcat initialized with port(s): 8081 (http)
2018-11-23 16:06:56.450  INFO 17004 --- [restartedMain] o.apache.catalina.core.StandardService   : Starting service [Tomcat]
2018-11-23 16:06:56.450  INFO 17004 --- [restartedMain] org.apache.catalina.core.StandardEngine  : Starting Servlet Engine: Apache Tomcat/9.0.12
2018-11-23 16:06:56.524  INFO 17004 --- [restartedMain] o.a.catalina.core.AprLifecycleListener   : The APR based Apache Tomcat Native library which allows optimal performance in production environments was not found on the java.library.path: [F:\jdk1.8\bin;C:\WINDOWS\Sun\Java\bin;C:\WINDOWS\system32;C:\WINDOWS;F:\CTEX\GSview\gsview;F:\CTEX\WinEdt;C:\windows\system32\;F:\jdk1.8\bin;F:\Git\bin;C:\Program Files\NVIDIA GPU Computing Toolkit\CUDA\v9.0\bin;F:\maven-3.5.4\bin;F:\jdk1.8\jre\bin;F:\Matlab\bin\win32;F:\Octave-4.4.0\bin;F:\matlab\runtime\win64;F:\matlab\bin;F:\putty\;F:\Anaconda3;F:\Anaconda3\Library\mingw-w64\bin;F:\Anaconda3\Library\usr\bin;F:\Anaconda3\Library\bin;F:\Anaconda3\Scripts;C:\Users\Administrator\AppData\Local\Microsoft\WindowsApps;F:\cmder;F:\mongodb\bin;;.]
2018-11-23 16:06:56.597  INFO 17004 --- [restartedMain] o.a.c.c.C.[Tomcat].[localhost].[/]       : Initializing Spring embedded WebApplicationContext
2018-11-23 16:06:56.597  INFO 17004 --- [restartedMain] o.s.web.context.ContextLoader            : Root WebApplicationContext: initialization completed in 3404 ms
2018-11-23 16:06:56.627  INFO 17004 --- [restartedMain] o.s.b.w.servlet.ServletRegistrationBean  : Servlet dispatcherServlet mapped to [/]
2018-11-23 16:06:56.628  INFO 17004 --- [restartedMain] o.s.b.w.servlet.ServletRegistrationBean  : Servlet messageDispatcherServlet mapped to [/services/*]
2018-11-23 16:06:56.630  INFO 17004 --- [restartedMain] o.s.b.w.servlet.FilterRegistrationBean   : Mapping filter: 'characterEncodingFilter' to: [/*]
2018-11-23 16:06:56.630  INFO 17004 --- [restartedMain] o.s.b.w.servlet.FilterRegistrationBean   : Mapping filter: 'hiddenHttpMethodFilter' to: [/*]
2018-11-23 16:06:56.631  INFO 17004 --- [restartedMain] o.s.b.w.servlet.FilterRegistrationBean   : Mapping filter: 'formContentFilter' to: [/*]
2018-11-23 16:06:56.631  INFO 17004 --- [restartedMain] o.s.b.w.servlet.FilterRegistrationBean   : Mapping filter: 'requestContextFilter' to: [/*]
2018-11-23 16:06:57.093  INFO 17004 --- [restartedMain] o.s.s.concurrent.ThreadPoolTaskExecutor  : Initializing ExecutorService 'applicationTaskExecutor'
2018-11-23 16:06:57.208  INFO 17004 --- [restartedMain] o.s.b.a.w.s.WelcomePageHandlerMapping    : Adding welcome page template: index
2018-11-23 16:06:57.362  INFO 17004 --- [restartedMain] o.s.s.c.ThreadPoolTaskScheduler          : Initializing ExecutorService 'taskScheduler'
2018-11-23 16:06:57.444  INFO 17004 --- [restartedMain] o.s.b.d.a.OptionalLiveReloadServer       : LiveReload server is running on port 35729
2018-11-23 16:06:57.493  INFO 17004 --- [restartedMain] o.s.b.w.embedded.tomcat.TomcatWebServer  : Tomcat started on port(s): 8081 (http) with context path ''
2018-11-23 16:06:57.496  INFO 17004 --- [restartedMain] com.SensorSysApplication                 : Started SensorSysApplication in 4.685 seconds (JVM running for 5.56)
2018-11-23 16:07:30.362  INFO 14196 --- [main] c.e.SensorSys.SensorSysApplicationTests  : Starting SensorSysApplicationTests on SC-201801181514 with PID 14196 (started by Administrator in D:\IDEA_WORK\SensorSys)
2018-11-23 16:07:30.363  INFO 14196 --- [main] c.e.SensorSys.SensorSysApplicationTests  : No active profile set, falling back to default profiles: default
2018-11-23 16:07:32.960  INFO 14196 --- [main] .s.d.r.c.RepositoryConfigurationDelegate : Multiple Spring Data modules found, entering strict repository configuration mode!
2018-11-23 16:07:32.962  INFO 14196 --- [main] .s.d.r.c.RepositoryConfigurationDelegate : Bootstrapping Spring Data repositories in DEFAULT mode.
2018-11-23 16:07:33.618  INFO 14196 --- [main] .s.d.r.c.RepositoryConfigurationDelegate : Finished Spring Data repository scanning in 643ms. Found 0 repository interfaces.
2018-11-23 16:07:34.063  INFO 14196 --- [main] trationDelegate$BeanPostProcessorChecker : Bean 'org.springframework.ws.config.annotation.DelegatingWsConfiguration' of type [org.springframework.ws.config.annotation.DelegatingWsConfiguration$$EnhancerBySpringCGLIB$$51177949] is not eligible for getting processed by all BeanPostProcessors (for example: not eligible for auto-proxying)
2018-11-23 16:07:34.094  INFO 14196 --- [main] .w.s.a.s.AnnotationActionEndpointMapping : Supporting [WS-Addressing August 2004, WS-Addressing 1.0]
2018-11-23 16:07:34.138  INFO 14196 --- [main] trationDelegate$BeanPostProcessorChecker : Bean 'org.springframework.transaction.annotation.ProxyTransactionManagementConfiguration' of type [org.springframework.transaction.annotation.ProxyTransactionManagementConfiguration$$EnhancerBySpringCGLIB$$ac7fb44a] is not eligible for getting processed by all BeanPostProcessors (for example: not eligible for auto-proxying)
2018-11-23 16:07:35.583  INFO 14196 --- [main] o.s.s.concurrent.ThreadPoolTaskExecutor  : Initializing ExecutorService 'applicationTaskExecutor'
2018-11-23 16:07:35.823  INFO 14196 --- [main] o.s.b.a.w.s.WelcomePageHandlerMapping    : Adding welcome page template: index
2018-11-23 16:07:36.157  INFO 14196 --- [main] o.s.s.c.ThreadPoolTaskScheduler          : Initializing ExecutorService 'taskScheduler'
2018-11-23 16:07:36.472  INFO 14196 --- [main] c.e.SensorSys.SensorSysApplicationTests  : Started SensorSysApplicationTests in 6.557 seconds (JVM running for 7.519)
2018-11-23 16:07:36.769  INFO 14196 --- [Thread-3] o.s.s.c.ThreadPoolTaskScheduler          : Shutting down ExecutorService 'taskScheduler'
2018-11-23 16:07:36.770  INFO 14196 --- [Thread-3] o.s.s.concurrent.ThreadPoolTaskExecutor  : Shutting down ExecutorService 'applicationTaskExecutor'
2018-11-23 16:08:21.139  INFO 13884 --- [main] c.e.SensorSys.SensorSysApplicationTests  : Starting SensorSysApplicationTests on SC-201801181514 with PID 13884 (started by Administrator in D:\IDEA_WORK\SensorSys)
2018-11-23 16:08:21.140  INFO 13884 --- [main] c.e.SensorSys.SensorSysApplicationTests  : No active profile set, falling back to default profiles: default
2018-11-23 16:08:23.516  INFO 13884 --- [main] .s.d.r.c.RepositoryConfigurationDelegate : Multiple Spring Data modules found, entering strict repository configuration mode!
2018-11-23 16:08:23.519  INFO 13884 --- [main] .s.d.r.c.RepositoryConfigurationDelegate : Bootstrapping Spring Data repositories in DEFAULT mode.
2018-11-23 16:08:24.148  INFO 13884 --- [main] .s.d.r.c.RepositoryConfigurationDelegate : Finished Spring Data repository scanning in 617ms. Found 0 repository interfaces.
2018-11-23 16:08:24.624  INFO 13884 --- [main] trationDelegate$BeanPostProcessorChecker : Bean 'org.springframework.ws.config.annotation.DelegatingWsConfiguration' of type [org.springframework.ws.config.annotation.DelegatingWsConfiguration$$EnhancerBySpringCGLIB$$c1afb9ea] is not eligible for getting processed by all BeanPostProcessors (for example: not eligible for auto-proxying)
2018-11-23 16:08:24.657  INFO 13884 --- [main] .w.s.a.s.AnnotationActionEndpointMapping : Supporting [WS-Addressing August 2004, WS-Addressing 1.0]
2018-11-23 16:08:24.702  INFO 13884 --- [main] trationDelegate$BeanPostProcessorChecker : Bean 'org.springframework.transaction.annotation.ProxyTransactionManagementConfiguration' of type [org.springframework.transaction.annotation.ProxyTransactionManagementConfiguration$$EnhancerBySpringCGLIB$$1d17f4eb] is not eligible for getting processed by all BeanPostProcessors (for example: not eligible for auto-proxying)
2018-11-23 16:08:26.392  INFO 13884 --- [main] o.s.s.concurrent.ThreadPoolTaskExecutor  : Initializing ExecutorService 'applicationTaskExecutor'
2018-11-23 16:08:26.633  INFO 13884 --- [main] o.s.b.a.w.s.WelcomePageHandlerMapping    : Adding welcome page template: index
2018-11-23 16:08:26.957  INFO 13884 --- [main] o.s.s.c.ThreadPoolTaskScheduler          : Initializing ExecutorService 'taskScheduler'
2018-11-23 16:08:27.149  INFO 13884 --- [main] c.e.SensorSys.SensorSysApplicationTests  : Started SensorSysApplicationTests in 6.362 seconds (JVM running for 7.47)
2018-11-23 16:08:27.345  INFO 13884 --- [Thread-3] o.s.s.c.ThreadPoolTaskScheduler          : Shutting down ExecutorService 'taskScheduler'
2018-11-23 16:08:27.346  INFO 13884 --- [Thread-3] o.s.s.concurrent.ThreadPoolTaskExecutor  : Shutting down ExecutorService 'applicationTaskExecutor'
2018-11-23 16:15:33.706  INFO 16676 --- [restartedMain] com.SensorSysApplication                 : Starting SensorSysApplication on SC-201801181514 with PID 16676 (D:\IDEA_WORK\SensorSys\target\classes started by Administrator in D:\IDEA_WORK\SensorSys)
2018-11-23 16:15:33.709  INFO 16676 --- [restartedMain] com.SensorSysApplication                 : No active profile set, falling back to default profiles: default
2018-11-23 16:15:33.767  INFO 16676 --- [restartedMain] .e.DevToolsPropertyDefaultsPostProcessor : Devtools property defaults active! Set 'spring.devtools.add-properties' to 'false' to disable
2018-11-23 16:15:33.768  INFO 16676 --- [restartedMain] .e.DevToolsPropertyDefaultsPostProcessor : For additional web related logging consider setting the 'logging.level.web' property to 'DEBUG'
2018-11-23 16:15:35.564  INFO 16676 --- [restartedMain] .s.d.r.c.RepositoryConfigurationDelegate : Multiple Spring Data modules found, entering strict repository configuration mode!
2018-11-23 16:15:35.567  INFO 16676 --- [restartedMain] .s.d.r.c.RepositoryConfigurationDelegate : Bootstrapping Spring Data repositories in DEFAULT mode.
2018-11-23 16:15:36.294  INFO 16676 --- [restartedMain] .s.d.r.c.RepositoryConfigurationDelegate : Finished Spring Data repository scanning in 716ms. Found 0 repository interfaces.
2018-11-23 16:15:36.621  INFO 16676 --- [restartedMain] trationDelegate$BeanPostProcessorChecker : Bean 'org.springframework.ws.config.annotation.DelegatingWsConfiguration' of type [org.springframework.ws.config.annotation.DelegatingWsConfiguration$$EnhancerBySpringCGLIB$$c7c51f43] is not eligible for getting processed by all BeanPostProcessors (for example: not eligible for auto-proxying)
2018-11-23 16:15:36.652  INFO 16676 --- [restartedMain] .w.s.a.s.AnnotationActionEndpointMapping : Supporting [WS-Addressing August 2004, WS-Addressing 1.0]
2018-11-23 16:15:36.701  INFO 16676 --- [restartedMain] trationDelegate$BeanPostProcessorChecker : Bean 'org.springframework.transaction.annotation.ProxyTransactionManagementConfiguration' of type [org.springframework.transaction.annotation.ProxyTransactionManagementConfiguration$$EnhancerBySpringCGLIB$$232d5a44] is not eligible for getting processed by all BeanPostProcessors (for example: not eligible for auto-proxying)
2018-11-23 16:15:37.157  INFO 16676 --- [restartedMain] o.s.b.w.embedded.tomcat.TomcatWebServer  : Tomcat initialized with port(s): 8081 (http)
2018-11-23 16:15:37.228  INFO 16676 --- [restartedMain] o.apache.catalina.core.StandardService   : Starting service [Tomcat]
2018-11-23 16:15:37.229  INFO 16676 --- [restartedMain] org.apache.catalina.core.StandardEngine  : Starting Servlet Engine: Apache Tomcat/9.0.12
2018-11-23 16:15:37.235  INFO 16676 --- [restartedMain] o.a.catalina.core.AprLifecycleListener   : The APR based Apache Tomcat Native library which allows optimal performance in production environments was not found on the java.library.path: [F:\jdk1.8\bin;C:\WINDOWS\Sun\Java\bin;C:\WINDOWS\system32;C:\WINDOWS;F:\CTEX\GSview\gsview;F:\CTEX\WinEdt;C:\windows\system32\;F:\jdk1.8\bin;F:\Git\bin;C:\Program Files\NVIDIA GPU Computing Toolkit\CUDA\v9.0\bin;F:\maven-3.5.4\bin;F:\jdk1.8\jre\bin;F:\Matlab\bin\win32;F:\Octave-4.4.0\bin;F:\matlab\runtime\win64;F:\matlab\bin;F:\putty\;F:\Anaconda3;F:\Anaconda3\Library\mingw-w64\bin;F:\Anaconda3\Library\usr\bin;F:\Anaconda3\Library\bin;F:\Anaconda3\Scripts;C:\Users\Administrator\AppData\Local\Microsoft\WindowsApps;F:\cmder;F:\mongodb\bin;;.]
2018-11-23 16:15:37.311  INFO 16676 --- [restartedMain] o.a.c.c.C.[Tomcat].[localhost].[/]       : Initializing Spring embedded WebApplicationContext
2018-11-23 16:15:37.311  INFO 16676 --- [restartedMain] o.s.web.context.ContextLoader            : Root WebApplicationContext: initialization completed in 3543 ms
2018-11-23 16:15:37.344  INFO 16676 --- [restartedMain] o.s.b.w.servlet.ServletRegistrationBean  : Servlet dispatcherServlet mapped to [/]
2018-11-23 16:15:37.345  INFO 16676 --- [restartedMain] o.s.b.w.servlet.ServletRegistrationBean  : Servlet messageDispatcherServlet mapped to [/services/*]
2018-11-23 16:15:37.348  INFO 16676 --- [restartedMain] o.s.b.w.servlet.FilterRegistrationBean   : Mapping filter: 'characterEncodingFilter' to: [/*]
2018-11-23 16:15:37.348  INFO 16676 --- [restartedMain] o.s.b.w.servlet.FilterRegistrationBean   : Mapping filter: 'hiddenHttpMethodFilter' to: [/*]
2018-11-23 16:15:37.348  INFO 16676 --- [restartedMain] o.s.b.w.servlet.FilterRegistrationBean   : Mapping filter: 'formContentFilter' to: [/*]
2018-11-23 16:15:37.348  INFO 16676 --- [restartedMain] o.s.b.w.servlet.FilterRegistrationBean   : Mapping filter: 'requestContextFilter' to: [/*]
2018-11-23 16:15:37.817  INFO 16676 --- [restartedMain] o.s.s.concurrent.ThreadPoolTaskExecutor  : Initializing ExecutorService 'applicationTaskExecutor'
2018-11-23 16:15:37.937  INFO 16676 --- [restartedMain] o.s.b.a.w.s.WelcomePageHandlerMapping    : Adding welcome page template: index
2018-11-23 16:15:38.093  INFO 16676 --- [restartedMain] o.s.s.c.ThreadPoolTaskScheduler          : Initializing ExecutorService 'taskScheduler'
2018-11-23 16:15:38.179  INFO 16676 --- [restartedMain] o.s.b.d.a.OptionalLiveReloadServer       : LiveReload server is running on port 35729
2018-11-23 16:15:38.224  INFO 16676 --- [restartedMain] o.s.b.w.embedded.tomcat.TomcatWebServer  : Tomcat started on port(s): 8081 (http) with context path ''
2018-11-23 16:15:38.228  INFO 16676 --- [restartedMain] com.SensorSysApplication                 : Started SensorSysApplication in 4.858 seconds (JVM running for 5.563)
2018-11-23 16:15:44.407  INFO 8300 --- [main] c.e.SensorSys.SensorSysApplicationTests  : Starting SensorSysApplicationTests on SC-201801181514 with PID 8300 (started by Administrator in D:\IDEA_WORK\SensorSys)
2018-11-23 16:15:44.409  INFO 8300 --- [main] c.e.SensorSys.SensorSysApplicationTests  : No active profile set, falling back to default profiles: default
2018-11-23 16:15:46.887  INFO 8300 --- [main] .s.d.r.c.RepositoryConfigurationDelegate : Multiple Spring Data modules found, entering strict repository configuration mode!
2018-11-23 16:15:46.890  INFO 8300 --- [main] .s.d.r.c.RepositoryConfigurationDelegate : Bootstrapping Spring Data repositories in DEFAULT mode.
2018-11-23 16:15:47.535  INFO 8300 --- [main] .s.d.r.c.RepositoryConfigurationDelegate : Finished Spring Data repository scanning in 628ms. Found 0 repository interfaces.
2018-11-23 16:15:48.219  INFO 8300 --- [main] trationDelegate$BeanPostProcessorChecker : Bean 'org.springframework.ws.config.annotation.DelegatingWsConfiguration' of type [org.springframework.ws.config.annotation.DelegatingWsConfiguration$$EnhancerBySpringCGLIB$$7e4a77cd] is not eligible for getting processed by all BeanPostProcessors (for example: not eligible for auto-proxying)
2018-11-23 16:15:48.257  INFO 8300 --- [main] .w.s.a.s.AnnotationActionEndpointMapping : Supporting [WS-Addressing August 2004, WS-Addressing 1.0]
2018-11-23 16:15:48.304  INFO 8300 --- [main] trationDelegate$BeanPostProcessorChecker : Bean 'org.springframework.transaction.annotation.ProxyTransactionManagementConfiguration' of type [org.springframework.transaction.annotation.ProxyTransactionManagementConfiguration$$EnhancerBySpringCGLIB$$d9b2b2ce] is not eligible for getting processed by all BeanPostProcessors (for example: not eligible for auto-proxying)
2018-11-23 16:15:49.746  INFO 8300 --- [main] o.s.s.concurrent.ThreadPoolTaskExecutor  : Initializing ExecutorService 'applicationTaskExecutor'
2018-11-23 16:15:50.000  INFO 8300 --- [main] o.s.b.a.w.s.WelcomePageHandlerMapping    : Adding welcome page template: index
2018-11-23 16:15:50.336  INFO 8300 --- [main] o.s.s.c.ThreadPoolTaskScheduler          : Initializing ExecutorService 'taskScheduler'
2018-11-23 16:15:50.537  INFO 8300 --- [main] c.e.SensorSys.SensorSysApplicationTests  : Started SensorSysApplicationTests in 6.487 seconds (JVM running for 7.491)
2018-11-23 16:15:50.735  INFO 8300 --- [Thread-3] o.s.s.c.ThreadPoolTaskScheduler          : Shutting down ExecutorService 'taskScheduler'
2018-11-23 16:15:50.736  INFO 8300 --- [Thread-3] o.s.s.concurrent.ThreadPoolTaskExecutor  : Shutting down ExecutorService 'applicationTaskExecutor'
